2025-06-23 19:34:34,790 - INFO - Namespace(action='train2_2', dataset='gtea', split='1', time_data='2025-06-23_19-34-34', pre_time_data='16', pre_num_epochs=30, num_epochs=100, save_f=1, start_epochs=100, bz=8, tstype='random', tsnum='0', epoch_step=1, tst_split='', channel_masking_rate=0, scheduler='ReduceLROnPlateau', snum_epochs=0, pretrain_weights='', contrast_loss=0, bg_idx=[], num_codes=-1, device=device(type='cuda'), tspath='./random/0/', epsilon_l=0.005, epsilon=0.02, delta=0.02, num_samples_frames=20)
2025-06-23 22:01:36,923 - INFO - Namespace(action='train2_2', dataset='gtea', split='1', time_data='2025-06-23_19-34-34', pre_time_data='16', pre_num_epochs=30, num_epochs=100, save_f=1, start_epochs=100, bz=8, tstype='random', tsnum='0', epoch_step=1, tst_split='train', channel_masking_rate=0, scheduler='ReduceLROnPlateau', snum_epochs=0, pretrain_weights='', contrast_loss=0, q_nhead=1, q_num_layers=1, q_dropout=0.1, gen_type=23, bg_idx=[], num_codes=-1, device=device(type='cuda'), tspath='./random/0/', epsilon_l=0.005, epsilon=0.02, delta=0.02, num_samples_frames=20)
2025-06-27 14:52:28,619 - INFO - Namespace(action='train_boundary_eval4', dataset='gtea', split='1', time_data='2025-06-27_14-00-00-A', pre_time_data='16', pre_num_epochs=30, num_epochs=100, save_f=1, start_epochs=0, bz=1, tstype='random', tsnum='0', epoch_step=1, tst_split='train', channel_masking_rate=0.5, scheduler='ReduceLROnPlateau', snum_epochs=0, pretrain_weights='', contrast_loss=0, q_nhead=1, q_num_layers=1, q_dropout=0.1, gen_type=23, decoder='v1', iter=0, bg_idx=[10], num_codes=-1, device=device(type='cuda'), tspath='./random/0/', epsilon_l=0.005, epsilon=0.02, delta=0.02, num_samples_frames=20)
2025-06-27 15:05:44,539 - INFO - Namespace(action='train2_2', dataset='gtea', split='1', time_data='2025-06-27_14-00-00-A', pre_time_data='16', pre_num_epochs=30, num_epochs=5, save_f=1, start_epochs=5, bz=8, tstype='random', tsnum='0', epoch_step=1, tst_split='train', channel_masking_rate=0, scheduler='ReduceLROnPlateau', snum_epochs=0, pretrain_weights='/nfs/hpc/dgx2-1/wangtie/2025/6/23/iccv23TAS/models/gtea/margin_map_both2025-06-27_14-00-00-B/split_1/epoch-49.model', contrast_loss=0, q_nhead=1, q_num_layers=1, q_dropout=0.1, gen_type=23, decoder='v1', iter=1, bg_idx=[10], num_codes=-1, device=device(type='cuda'), tspath='./random/0/', epsilon_l=0.005, epsilon=0.02, delta=0.02, num_samples_frames=20)
2025-06-27 15:27:49,156 - INFO - Namespace(action='train2_2', dataset='gtea', split='1', time_data='2025-06-27_14-00-00-A', pre_time_data='16', pre_num_epochs=30, num_epochs=5, save_f=1, start_epochs=5, bz=8, tstype='random', tsnum='0', epoch_step=1, tst_split='train', channel_masking_rate=0, scheduler='ReduceLROnPlateau', snum_epochs=0, pretrain_weights='/nfs/hpc/dgx2-1/wangtie/2025/6/23/iccv23TAS/models/gtea/margin_map_both2025-06-27_14-00-00-B/split_1/epoch-19.model', contrast_loss=0, q_nhead=1, q_num_layers=1, q_dropout=0.1, gen_type=23, decoder='v1', iter=2, bg_idx=[10], num_codes=-1, device=device(type='cuda'), tspath='./random/0/', epsilon_l=0.005, epsilon=0.02, delta=0.02, num_samples_frames=20)
2025-06-27 15:33:02,257 - INFO - Namespace(action='train2_2', dataset='gtea', split='1', time_data='2025-06-27_14-00-00-A', pre_time_data='16', pre_num_epochs=30, num_epochs=5, save_f=1, start_epochs=5, bz=8, tstype='random', tsnum='0', epoch_step=1, tst_split='train', channel_masking_rate=0, scheduler='ReduceLROnPlateau', snum_epochs=0, pretrain_weights='/nfs/hpc/dgx2-1/wangtie/2025/6/23/iccv23TAS/models/gtea/margin_map_both2025-06-27_14-00-00-B/split_1/epoch-18.model', contrast_loss=0, q_nhead=1, q_num_layers=1, q_dropout=0.1, gen_type=23, decoder='v1', iter=3, bg_idx=[10], num_codes=-1, device=device(type='cuda'), tspath='./random/0/', epsilon_l=0.005, epsilon=0.02, delta=0.02, num_samples_frames=20)
2025-07-18 06:01:21,184 - INFO - calling Trainer.visualize(), args.plot_type is tsne_TS1
2025-07-18 06:01:21,382 - INFO - Loading model from ./models/gtea/margin_map_both2025-06-27_14-00-00-A/split_1/train_1_acc.model
2025-07-18 06:07:22,477 - INFO - calling Trainer.visualize(), args.plot_type is tsne_TS1
2025-07-18 06:07:22,697 - INFO - Loading model from ./models/gtea/margin_map_both2025-06-27_14-00-00-A/split_1/train_1_acc.model
2025-07-18 06:07:37,627 - INFO - calling Trainer.visualize(), args.plot_type is tsne_TS1
2025-07-18 06:07:37,833 - INFO - Loading model from ./models/gtea/margin_map_both2025-06-27_14-00-00-A/split_1/train_1_acc.model
2025-07-18 06:08:04,598 - INFO - calling Trainer.visualize(), args.plot_type is tsne_TS1
2025-07-18 06:08:04,796 - INFO - Loading model from ./models/gtea/margin_map_both2025-06-27_14-00-00-A/split_1/train_1_acc.model
2025-07-18 06:09:57,873 - INFO - calling Trainer.visualize(), args.plot_type is tsne_TS1
2025-07-18 06:09:58,059 - INFO - Loading model from ./models/gtea/margin_map_both2025-06-27_14-00-00-A/split_1/train_1_acc.model
2025-07-18 06:10:44,745 - INFO - calling Trainer.visualize(), args.plot_type is tsne_TS1
2025-07-18 06:10:45,587 - INFO - Loading model from ./models/gtea/margin_map_both2025-06-27_14-00-00-A/split_1/train_1_acc.model
2025-07-18 06:10:52,278 - INFO - calling Trainer.visualize(), args.plot_type is tsne_TS1
2025-07-18 06:10:52,537 - INFO - Loading model from ./models/gtea/margin_map_both2025-06-27_14-00-00-A/split_1/train_1_acc.model
2025-07-18 06:16:00,900 - INFO - calling Trainer.visualize(), args.plot_type is tsne_TS1
2025-07-18 06:16:01,097 - INFO - Loading model from ./models/gtea/margin_map_both2025-06-27_14-00-00-A/split_1/train_1_acc.model
2025-07-18 06:17:40,484 - INFO - calling Trainer.visualize(), args.plot_type is tsne_TS1
2025-07-18 06:17:40,673 - INFO - Loading model from ./models/gtea/margin_map_both2025-06-27_14-00-00-A/split_1/train_1_acc.model
2025-07-18 06:19:41,999 - INFO - calling Trainer.visualize(), args.plot_type is tsne_TS1
2025-07-18 06:19:42,195 - INFO - Loading model from ./models/gtea/margin_map_both2025-06-27_14-00-00-A/split_1/train_1_acc.model
